<?xml version="1.0" encoding="UTF-8"?>
<!-- Generated by org.testng.reporters.JUnitXMLReporter -->
<testsuite ignored="0" hostname="DESKTOP-6H7PVT2" failures="1" tests="11" name="End To End" time="194.825" errors="0" timestamp="13 Feb 2022 17:46:05 GMT">
  <testcase classname="eCommerceTest.LoginTest" name="verifyLogInByInValidEmail" time="6.646"/>
  <testcase classname="eCommerceTest.LoginTest" name="verifyLogInWithValidCreds" time="4.104"/>
  <testcase classname="eCommerceTest.SelectProductTest" name="VerifyResultedProductisSelected" time="8.213"/>
  <testcase classname="eCommerceTest.SelectProductTest" name="verifySelectBlouseProduct" time="6.241"/>
  <testcase classname="eCommerceTest.CheckOutTest" name="VerifyBankWirePaymentIsSelected" time="19.969"/>
  <testcase classname="eCommerceTest.CheckOutTest" name="VerifyCheckPaymentIsSelected" time="15.172"/>
  <testcase classname="eCommerceTest.CheckOutTest" name="VerifyFollowCheckoutProcedure" time="14.894"/>
  <testcase classname="eCommerceTest.OrderPlacedTest" name="VerifyOrderIsPlaced" time="16.67"/>
  <testcase classname="eCommerceTest.OrderConfirmationTest" name="VeifyOrderConfirmationMsg" time="16.724"/>
  <testcase classname="eCommerceTest.RegisterTest" name="verifyRegisterNewUser" time="2.013">
    <failure type="org.openqa.selenium.NoSuchElementException" message="no such element: Unable to locate element: {&amp;quot;method&amp;quot;:&amp;quot;css selector&amp;quot;,&amp;quot;selector&amp;quot;:&amp;quot;#email_create&amp;quot;}
  (Session info: chrome=98.0.4758.82)
For documentation on this error, please visit: https://www.seleniumhq.org/exceptions/no_such_element.html
Build info: version: &amp;apos;3.141.59&amp;apos;, revision: &amp;apos;e82be7d358&amp;apos;, time: &amp;apos;2018-11-14T08:17:03&amp;apos;
System info: host: &amp;apos;DESKTOP-6H7PVT2&amp;apos;, ip: &amp;apos;192.168.1.2&amp;apos;, os.name: &amp;apos;Windows 10&amp;apos;, os.arch: &amp;apos;amd64&amp;apos;, os.version: &amp;apos;10.0&amp;apos;, java.version: &amp;apos;17.0.1&amp;apos;
Driver info: org.openqa.selenium.chrome.ChromeDriver
Capabilities {acceptInsecureCerts: false, browserName: chrome, browserVersion: 98.0.4758.82, chrome: {chromedriverVersion: 98.0.4758.80 (7f0488e8ba0d8..., userDataDir: C:\Users\ABDELH~1\AppData\L...}, goog:chromeOptions: {debuggerAddress: localhost:1270}, javascriptEnabled: true, networkConnectionEnabled: false, pageLoadStrategy: normal, platform: WINDOWS, platformName: WINDOWS, proxy: Proxy(), setWindowRect: true, strictFileInteractability: false, timeouts: {implicit: 0, pageLoad: 300000, script: 30000}, unhandledPromptBehavior: dismiss and notify, webauthn:extension:credBlob: true, webauthn:extension:largeBlob: true, webauthn:virtualAuthenticators: true}
Session ID: e09253f70093236a40840e651c943dd1
*** Element info: {Using=id, value=email_create}">
      <![CDATA[org.openqa.selenium.NoSuchElementException: no such element: Unable to locate element: {"method":"css selector","selector":"#email_create"}
  (Session info: chrome=98.0.4758.82)
For documentation on this error, please visit: https://www.seleniumhq.org/exceptions/no_such_element.html
Build info: version: '3.141.59', revision: 'e82be7d358', time: '2018-11-14T08:17:03'
System info: host: 'DESKTOP-6H7PVT2', ip: '192.168.1.2', os.name: 'Windows 10', os.arch: 'amd64', os.version: '10.0', java.version: '17.0.1'
Driver info: org.openqa.selenium.chrome.ChromeDriver
Capabilities {acceptInsecureCerts: false, browserName: chrome, browserVersion: 98.0.4758.82, chrome: {chromedriverVersion: 98.0.4758.80 (7f0488e8ba0d8..., userDataDir: C:\Users\ABDELH~1\AppData\L...}, goog:chromeOptions: {debuggerAddress: localhost:1270}, javascriptEnabled: true, networkConnectionEnabled: false, pageLoadStrategy: normal, platform: WINDOWS, platformName: WINDOWS, proxy: Proxy(), setWindowRect: true, strictFileInteractability: false, timeouts: {implicit: 0, pageLoad: 300000, script: 30000}, unhandledPromptBehavior: dismiss and notify, webauthn:extension:credBlob: true, webauthn:extension:largeBlob: true, webauthn:virtualAuthenticators: true}
Session ID: e09253f70093236a40840e651c943dd1
*** Element info: {Using=id, value=email_create}
at org.openqa.selenium.remote.http.W3CHttpResponseCodec.createException(W3CHttpResponseCodec.java:187)
at org.openqa.selenium.remote.http.W3CHttpResponseCodec.decode(W3CHttpResponseCodec.java:122)
at org.openqa.selenium.remote.http.W3CHttpResponseCodec.decode(W3CHttpResponseCodec.java:49)
at org.openqa.selenium.remote.HttpCommandExecutor.execute(HttpCommandExecutor.java:158)
at org.openqa.selenium.remote.service.DriverCommandExecutor.execute(DriverCommandExecutor.java:83)
at org.openqa.selenium.remote.RemoteWebDriver.execute(RemoteWebDriver.java:552)
at org.openqa.selenium.remote.RemoteWebDriver.findElement(RemoteWebDriver.java:323)
at org.openqa.selenium.remote.RemoteWebDriver.findElementById(RemoteWebDriver.java:372)
at org.openqa.selenium.By$ById.findElement(By.java:188)
at org.openqa.selenium.remote.RemoteWebDriver.findElement(RemoteWebDriver.java:315)
at org.openqa.selenium.support.pagefactory.DefaultElementLocator.findElement(DefaultElementLocator.java:69)
at org.openqa.selenium.support.pagefactory.internal.LocatingElementHandler.invoke(LocatingElementHandler.java:38)
at jdk.proxy2/jdk.proxy2.$Proxy12.sendKeys(Unknown Source)
at ecommercePages.BasePage.setValue(BasePage.java:31)
at ecommercePages.AuthenticationPage.setSignUp_email(AuthenticationPage.java:91)
at eCommerceTest.RegisterTest.verifyRegisterNewUser(RegisterTest.java:18)
... Removed 30 stack frames]]>
    </failure>
  </testcase> <!-- verifyRegisterNewUser -->
  <testcase classname="eCommerceTest.RegisterTest" name="verifyRegisterWithoutPassword" time="7.135"/>
</testsuite> <!-- End To End -->
